0 info it worked if it ends with ok
1 verbose cli [ '/Users/mahong/.nvm/versions/node/v6.2.0/bin/node',
1 verbose cli   '/Users/mahong/.nvm/versions/node/v6.2.0/bin/npm',
1 verbose cli   'run',
1 verbose cli   'build' ]
2 info using npm@3.8.9
3 info using node@v6.2.0
4 verbose run-script [ 'prebuild', 'build', 'postbuild' ]
5 info lifecycle jianshu@1.0.0~prebuild: jianshu@1.0.0
6 silly lifecycle jianshu@1.0.0~prebuild: no script for prebuild, continuing
7 info lifecycle jianshu@1.0.0~build: jianshu@1.0.0
8 verbose lifecycle jianshu@1.0.0~build: unsafe-perm in lifecycle true
9 verbose lifecycle jianshu@1.0.0~build: PATH: /Users/mahong/.nvm/versions/node/v6.2.0/lib/node_modules/npm/bin/node-gyp-bin:/Users/mahong/Documents/mahong/myProjects/jianshu/node_modules/.bin:/Users/mahong/.nvm/versions/node/v6.2.0/bin:/Users/mahong/.nvm/versions/node/v6.2.0/bin:/usr/local/mongodb/bin:/usr/local/mongodb/bin:/opt/subversion/bin:/usr/local/bin:/usr/bin:/bin:/usr/sbin:/sbin:/usr/local/mongodb/bin:/opt/subversion/bin:/Users/mahong/.rvm/bin
10 verbose lifecycle jianshu@1.0.0~build: CWD: /Users/mahong/Documents/mahong/myProjects/jianshu
11 silly lifecycle jianshu@1.0.0~build: Args: [ '-c', 'webpack' ]
12 silly lifecycle jianshu@1.0.0~build: Returned: code: 1  signal: null
13 info lifecycle jianshu@1.0.0~build: Failed to exec build script
14 verbose stack Error: jianshu@1.0.0 build: `webpack`
14 verbose stack Exit status 1
14 verbose stack     at EventEmitter.<anonymous> (/Users/mahong/.nvm/versions/node/v6.2.0/lib/node_modules/npm/lib/utils/lifecycle.js:245:16)
14 verbose stack     at emitTwo (events.js:106:13)
14 verbose stack     at EventEmitter.emit (events.js:191:7)
14 verbose stack     at ChildProcess.<anonymous> (/Users/mahong/.nvm/versions/node/v6.2.0/lib/node_modules/npm/lib/utils/spawn.js:24:14)
14 verbose stack     at emitTwo (events.js:106:13)
14 verbose stack     at ChildProcess.emit (events.js:191:7)
14 verbose stack     at maybeClose (internal/child_process.js:850:16)
14 verbose stack     at Process.ChildProcess._handle.onexit (internal/child_process.js:215:5)
15 verbose pkgid jianshu@1.0.0
16 verbose cwd /Users/mahong/Documents/mahong/myProjects/jianshu
17 error Darwin 15.3.0
18 error argv "/Users/mahong/.nvm/versions/node/v6.2.0/bin/node" "/Users/mahong/.nvm/versions/node/v6.2.0/bin/npm" "run" "build"
19 error node v6.2.0
20 error npm  v3.8.9
21 error code ELIFECYCLE
22 error jianshu@1.0.0 build: `webpack`
22 error Exit status 1
23 error Failed at the jianshu@1.0.0 build script 'webpack'.
23 error Make sure you have the latest version of node.js and npm installed.
23 error If you do, this is most likely a problem with the jianshu package,
23 error not with npm itself.
23 error Tell the author that this fails on your system:
23 error     webpack
23 error You can get information on how to open an issue for this project with:
23 error     npm bugs jianshu
23 error Or if that isn't available, you can get their info via:
23 error     npm owner ls jianshu
23 error There is likely additional logging output above.
24 verbose exit [ 1, true ]
